Exporter version: 2.93.3, Blender version: 2.93.1
========= Conversion from Blender to Babylon.js =========
	Scene settings used :
		Inline textures     :  false
		Material Type       :  PBR
		Positions Precision :  4
		Normals Precision   :  3
		UVs Precision       :  3
		Vert Color Precision:  3
		Mat Weight Precision:  2
		Keep Z-up r-handed  :  no
		Texture directory   :  D:\QUAVOX\Planatory\bin\
	Python World class constructor completed
	WARNING: No active camera has been assigned, or is not in a currently enabled collection
	processing begun of mesh:  Planet
		processing begun of material:  Material.001
			processing texture map
				texture type:  diffuseTexture, mapped using: "UVMap"
		num positions      :  3836
		num normals        :  3836
		num tangents       :  0
		num uvs            :  7672
		num uvs2           :  0
		num colors         :  0
		num triangles      :  1280
========= Writing of JSON file started =========
	writing mesh:  Planet
========= Writing of JSON file completed =========
========= end of processing =========
elapsed time:  0 min, 0.1794 secs
